<?xml version="1.0" encoding="UTF-8"?>
<robot generator="Robot 4.1.2 (Python 3.8.10 on linux)" generated="20211213 11:21:34.441" rpa="false" schemaversion="2">
<suite id="s1" name="Test" source="/home/adlinnur/PycharmProjects/Demo/test.robot">
<test id="s1-t1" name="Open Deriv">
<kw name="Open Browser" library="SeleniumLibrary">
<arg>url=https://app.deriv.com</arg>
<arg>browser=chrome</arg>
<doc>Opens a new browser instance to the optional ``url``.</doc>
<msg timestamp="20211213 11:21:34.523" level="INFO">Opening browser 'chrome' to base url 'https://app.deriv.com'.</msg>
<status status="PASS" starttime="20211213 11:21:34.523" endtime="20211213 11:21:42.179"/>
</kw>
<kw name="Wait Until Page Does Not Contain Element" library="SeleniumLibrary">
<arg>dt_core_header_acc-info-preloader</arg>
<doc>Waits until the element ``locator`` disappears from the current page.</doc>
<status status="PASS" starttime="20211213 11:21:42.179" endtime="20211213 11:21:42.196"/>
</kw>
<kw name="Wait Until Page Contains Element" library="SeleniumLibrary">
<arg>${login_btn}</arg>
<arg>60</arg>
<doc>Waits until the element ``locator`` appears on the current page.</doc>
<status status="PASS" starttime="20211213 11:21:42.196" endtime="20211213 11:21:42.220"/>
</kw>
<kw name="Click Element" library="SeleniumLibrary">
<arg>${login_btn}</arg>
<doc>Click the element identified by ``locator``.</doc>
<msg timestamp="20211213 11:21:42.220" level="INFO">Clicking element 'dt_login_button'.</msg>
<status status="PASS" starttime="20211213 11:21:42.220" endtime="20211213 11:21:42.442"/>
</kw>
<kw name="Wait Until Page Contains Element" library="SeleniumLibrary">
<arg>${email_field}</arg>
<arg>15</arg>
<doc>Waits until the element ``locator`` appears on the current page.</doc>
<status status="PASS" starttime="20211213 11:21:42.442" endtime="20211213 11:21:45.186"/>
</kw>
<kw name="Input Text" library="SeleniumLibrary">
<arg>${email_field}</arg>
<arg>${my_email}</arg>
<doc>Types the given ``text`` into the text field identified by ``locator``.</doc>
<msg timestamp="20211213 11:21:45.187" level="FAIL">Variable '${my_email}' not found.</msg>
<status status="FAIL" starttime="20211213 11:21:45.186" endtime="20211213 11:21:45.187"/>
</kw>
<kw name="Input Text" library="SeleniumLibrary">
<arg>${password_field}</arg>
<arg>${my_pw}</arg>
<doc>Types the given ``text`` into the text field identified by ``locator``.</doc>
<status status="NOT RUN" starttime="20211213 11:21:45.187" endtime="20211213 11:21:45.187"/>
</kw>
<kw name="Click Element" library="SeleniumLibrary">
<arg>${login_auth_btn}</arg>
<doc>Click the element identified by ``locator``.</doc>
<status status="NOT RUN" starttime="20211213 11:21:45.187" endtime="20211213 11:21:45.187"/>
</kw>
<status status="FAIL" starttime="20211213 11:21:34.523" endtime="20211213 11:21:45.188">Variable '${my_email}' not found.</status>
</test>
<status status="FAIL" starttime="20211213 11:21:34.442" endtime="20211213 11:21:45.188"/>
</suite>
<statistics>
<total>
<stat pass="0" fail="1" skip="0">All Tests</stat>
</total>
<tag>
</tag>
<suite>
<stat pass="0" fail="1" skip="0" id="s1" name="Test">Test</stat>
</suite>
</statistics>
<errors>
</errors>
</robot>
